#
# There is insufficient memory for the Java Runtime Environment to continue.
# Native memory allocation (malloc) failed to allocate 716177408 bytes for committing reserved memory.
# Possible reasons:
#   The system is out of physical RAM or swap space
#   In 32 bit mode, the process size limit was hit
# Possible solutions:
#   Reduce memory load on the system
#   Increase physical memory or swap space
#   Check if swap backing store is full
#   Use 64 bit Java on a 64 bit OS
#   Decrease Java heap size (-Xmx/-Xms)
#   Decrease number of Java threads
#   Decrease Java thread stack sizes (-Xss)
#   Set larger code cache with -XX:ReservedCodeCacheSize=
# This output file may be truncated or incomplete.
#
#  Out of Memory Error (os_linux.cpp:2809), pid=27827, tid=140140500080384
#
# JRE version:  (7.0_79-b14) (build )
# Java VM: OpenJDK 64-Bit Server VM (24.79-b02 mixed mode linux-amd64 compressed oops)
# Derivative: IcedTea 2.5.6
# Distribution: Ubuntu 15.04, package 7u79-2.5.6-0ubuntu1.15.04.1
# Failed to write core dump. Core dumps have been disabled. To enable core dumping, try "ulimit -c unlimited" before starting Java again
#

---------------  T H R E A D  ---------------

Current thread (0x00007f74f800a000):  JavaThread "Unknown thread" [_thread_in_vm, id=27828, stack(0x00007f7500a9d000,0x00007f7500b9e000)]

Stack: [0x00007f7500a9d000,0x00007f7500b9e000],  sp=0x00007f7500b9c5b0,  free space=1021k
Native frames: (J=compiled Java code, j=interpreted, Vv=VM code, C=native code)
V  [libjvm.so+0x98a166]  VMError::report_and_die()+0x186
V  [libjvm.so+0x48f932]  report_vm_out_of_memory(char const*, int, unsigned long, char const*)+0x92
V  [libjvm.so+0x7fd56b]  os::pd_commit_memory(char*, unsigned long, unsigned long, bool)+0xeb
V  [libjvm.so+0x7f7c4e]  os::commit_memory(char*, unsigned long, unsigned long, bool)+0x2e
V  [libjvm.so+0x86a56b]  PSVirtualSpace::expand_by(unsigned long)+0x5b
V  [libjvm.so+0x85948b]  PSOldGen::initialize(ReservedSpace, unsigned long, char const*, int)+0xab
V  [libjvm.so+0x2a4765]  AdjoiningGenerations::AdjoiningGenerations(ReservedSpace, unsigned long, unsigned long, unsigned long, unsigned long, unsigned long, unsigned long, unsigned long)+0x365
V  [libjvm.so+0x81eaf4]  ParallelScavengeHeap::initialize()+0x594
V  [libjvm.so+0x953a97]  Universe::initialize_heap()+0xc7
V  [libjvm.so+0x953de6]  universe_init()+0x76
V  [libjvm.so+0x5b08af]  init_globals()+0x5f
V  [libjvm.so+0x9355df]  Threads::create_vm(JavaVMInitArgs*, bool*)+0x36f
V  [libjvm.so+0x620b80]  JNI_CreateJavaVM+0x60
C  [libjli.so+0x2b8e]


---------------  P R O C E S S  ---------------

Java Threads: ( => current thread )

Other Threads:

=>0x00007f74f800a000 (exited) JavaThread "Unknown thread" [_thread_in_vm, id=27828, stack(0x00007f7500a9d000,0x00007f7500b9e000)]

VM state:not at safepoint (not fully initialized)

VM Mutex/Monitor currently owned by a thread: None

GC Heap History (0 events):
No events

Deoptimization events (0 events):
No events

Internal exceptions (0 events):
No events

Events (0 events):
No events


Dynamic libraries:
00400000-00401000 r-xp 00000000 08:04 2110167                            /usr/lib/jvm/java-7-openjdk-amd64/jre/bin/java
00600000-00601000 r--p 00000000 08:04 2110167                            /usr/lib/jvm/java-7-openjdk-amd64/jre/bin/java
00601000-00602000 rw-p 00001000 08:04 2110167                            /usr/lib/jvm/java-7-openjdk-amd64/jre/bin/java
025ab000-025cc000 rw-p 00000000 00:00 0                                  [heap]
aff80000-bff80000 rw-p 00000000 00:00 0 
eaa80000-100000000 rw-p 00000000 00:00 0 
7f74f0000000-7f74f0270000 rwxp 00000000 00:00 0 
7f74f0270000-7f74f8023000 rw-p 00000000 00:00 0 
7f74f8023000-7f74fc000000 ---p 00000000 00:00 0 
7f74fd0a2000-7f74fd202000 rw-p 00000000 00:00 0 
7f74fd202000-7f74fd3d7000 rw-p 00000000 00:00 0 
7f74fd3d7000-7f74fd48d000 rw-p 00000000 00:00 0 
7f74fd48d000-7f74fd683000 rw-p 00000000 00:00 0 
7f74fd683000-7f74fd68b000 r-xp 00000000 08:04 2110088                    /usr/lib/jvm/java-7-openjdk-amd64/jre/lib/amd64/libzip.so
7f74fd68b000-7f74fd88a000 ---p 00008000 08:04 2110088                    /usr/lib/jvm/java-7-openjdk-amd64/jre/lib/amd64/libzip.so
7f74fd88a000-7f74fd88b000 r--p 00007000 08:04 2110088                    /usr/lib/jvm/java-7-openjdk-amd64/jre/lib/amd64/libzip.so
7f74fd88b000-7f74fd88c000 rw-p 00008000 08:04 2110088                    /usr/lib/jvm/java-7-openjdk-amd64/jre/lib/amd64/libzip.so
7f74fd88c000-7f74fd898000 r-xp 00000000 08:04 922101                     /lib/x86_64-linux-gnu/libnss_files-2.21.so
7f74fd898000-7f74fda97000 ---p 0000c000 08:04 922101                     /lib/x86_64-linux-gnu/libnss_files-2.21.so
7f74fda97000-7f74fda98000 r--p 0000b000 08:04 922101                     /lib/x86_64-linux-gnu/libnss_files-2.21.so
7f74fda98000-7f74fda99000 rw-p 0000c000 08:04 922101                     /lib/x86_64-linux-gnu/libnss_files-2.21.so
7f74fda99000-7f74fdaa4000 r-xp 00000000 08:04 922111                     /lib/x86_64-linux-gnu/libnss_nis-2.21.so
7f74fdaa4000-7f74fdca3000 ---p 0000b000 08:04 922111                     /lib/x86_64-linux-gnu/libnss_nis-2.21.so
7f74fdca3000-7f74fdca4000 r--p 0000a000 08:04 922111                     /lib/x86_64-linux-gnu/libnss_nis-2.21.so
7f74fdca4000-7f74fdca5000 rw-p 0000b000 08:04 922111                     /lib/x86_64-linux-gnu/libnss_nis-2.21.so
7f74fdca5000-7f74fdcbc000 r-xp 00000000 08:04 922095                     /lib/x86_64-linux-gnu/libnsl-2.21.so
7f74fdcbc000-7f74fdebb000 ---p 00017000 08:04 922095                     /lib/x86_64-linux-gnu/libnsl-2.21.so
7f74fdebb000-7f74fdebc000 r--p 00016000 08:04 922095                     /lib/x86_64-linux-gnu/libnsl-2.21.so
7f74fdebc000-7f74fdebd000 rw-p 00017000 08:04 922095                     /lib/x86_64-linux-gnu/libnsl-2.21.so
7f74fdebd000-7f74fdebf000 rw-p 00000000 00:00 0 
7f74fdebf000-7f74fdec7000 r-xp 00000000 08:04 922097                     /lib/x86_64-linux-gnu/libnss_compat-2.21.so
7f74fdec7000-7f74fe0c6000 ---p 00008000 08:04 922097                     /lib/x86_64-linux-gnu/libnss_compat-2.21.so
7f74fe0c6000-7f74fe0c7000 r--p 00007000 08:04 922097                     /lib/x86_64-linux-gnu/libnss_compat-2.21.so
7f74fe0c7000-7f74fe0c8000 rw-p 00008000 08:04 922097                     /lib/x86_64-linux-gnu/libnss_compat-2.21.so
7f74fe0c8000-7f74fe0f5000 r-xp 00000000 08:04 2110125                    /usr/lib/jvm/java-7-openjdk-amd64/jre/lib/amd64/libjava.so
7f74fe0f5000-7f74fe2f4000 ---p 0002d000 08:04 2110125                    /usr/lib/jvm/java-7-openjdk-amd64/jre/lib/amd64/libjava.so
7f74fe2f4000-7f74fe2f5000 r--p 0002c000 08:04 2110125                    /usr/lib/jvm/java-7-openjdk-amd64/jre/lib/amd64/libjava.so
7f74fe2f5000-7f74fe2f7000 rw-p 0002d000 08:04 2110125                    /usr/lib/jvm/java-7-openjdk-amd64/jre/lib/amd64/libjava.so
7f74fe2f7000-7f74fe306000 r-xp 00000000 08:04 2110106                    /usr/lib/jvm/java-7-openjdk-amd64/jre/lib/amd64/libverify.so
7f74fe306000-7f74fe505000 ---p 0000f000 08:04 2110106                    /usr/lib/jvm/java-7-openjdk-amd64/jre/lib/amd64/libverify.so
7f74fe505000-7f74fe508000 r--p 0000e000 08:04 2110106                    /usr/lib/jvm/java-7-openjdk-amd64/jre/lib/amd64/libverify.so
7f74fe508000-7f74fe509000 rw-p 00011000 08:04 2110106                    /usr/lib/jvm/java-7-openjdk-amd64/jre/lib/amd64/libverify.so
7f74fe509000-7f74fe510000 r-xp 00000000 08:04 922156                     /lib/x86_64-linux-gnu/librt-2.21.so
7f74fe510000-7f74fe70f000 ---p 00007000 08:04 922156                     /lib/x86_64-linux-gnu/librt-2.21.so
7f74fe70f000-7f74fe710000 r--p 00006000 08:04 922156                     /lib/x86_64-linux-gnu/librt-2.21.so
7f74fe710000-7f74fe711000 rw-p 00007000 08:04 922156                     /lib/x86_64-linux-gnu/librt-2.21.so
7f74fe711000-7f74fe727000 r-xp 00000000 08:04 922044                     /lib/x86_64-linux-gnu/libgcc_s.so.1
7f74fe727000-7f74fe926000 ---p 00016000 08:04 922044                     /lib/x86_64-linux-gnu/libgcc_s.so.1
7f74fe926000-7f74fe927000 rw-p 00015000 08:04 922044                     /lib/x86_64-linux-gnu/libgcc_s.so.1
7f74fe927000-7f74fea2e000 r-xp 00000000 08:04 922074                     /lib/x86_64-linux-gnu/libm-2.21.so
7f74fea2e000-7f74fec2d000 ---p 00107000 08:04 922074                     /lib/x86_64-linux-gnu/libm-2.21.so
7f74fec2d000-7f74fec2e000 r--p 00106000 08:04 922074                     /lib/x86_64-linux-gnu/libm-2.21.so
7f74fec2e000-7f74fec2f000 rw-p 00107000 08:04 922074                     /lib/x86_64-linux-gnu/libm-2.21.so
7f74fec2f000-7f74fed1f000 r-xp 00000000 08:04 2108270                    /usr/lib/x86_64-linux-gnu/libstdc++.so.6.0.20
7f74fed1f000-7f74fef1f000 ---p 000f0000 08:04 2108270                    /usr/lib/x86_64-linux-gnu/libstdc++.so.6.0.20
7f74fef1f000-7f74fef27000 r--p 000f0000 08:04 2108270                    /usr/lib/x86_64-linux-gnu/libstdc++.so.6.0.20
7f74fef27000-7f74fef29000 rw-p 000f8000 08:04 2108270                    /usr/lib/x86_64-linux-gnu/libstdc++.so.6.0.20
7f74fef29000-7f74fef3e000 rw-p 00000000 00:00 0 
7f74fef3e000-7f74ffa96000 r-xp 00000000 08:04 2110094                    /usr/lib/jvm/java-7-openjdk-amd64/jre/lib/amd64/server/libjvm.so
7f74ffa96000-7f74ffc95000 ---p 00b58000 08:04 2110094                    /usr/lib/jvm/java-7-openjdk-amd64/jre/lib/amd64/server/libjvm.so
7f74ffc95000-7f74ffd34000 r--p 00b57000 08:04 2110094                    /usr/lib/jvm/java-7-openjdk-amd64/jre/lib/amd64/server/libjvm.so
7f74ffd34000-7f74ffd57000 rw-p 00bf6000 08:04 2110094                    /usr/lib/jvm/java-7-openjdk-amd64/jre/lib/amd64/server/libjvm.so
7f74ffd57000-7f74ffd84000 rw-p 00000000 00:00 0 
7f74ffd84000-7f74ffd9d000 r-xp 00000000 08:04 922189                     /lib/x86_64-linux-gnu/libz.so.1.2.8
7f74ffd9d000-7f74fff9d000 ---p 00019000 08:04 922189                     /lib/x86_64-linux-gnu/libz.so.1.2.8
7f74fff9d000-7f74fff9e000 r--p 00019000 08:04 922189                     /lib/x86_64-linux-gnu/libz.so.1.2.8
7f74fff9e000-7f74fff9f000 rw-p 0001a000 08:04 922189                     /lib/x86_64-linux-gnu/libz.so.1.2.8
7f74fff9f000-7f74fffb7000 r-xp 00000000 08:04 922148                     /lib/x86_64-linux-gnu/libpthread-2.21.so
7f74fffb7000-7f75001b7000 ---p 00018000 08:04 922148                     /lib/x86_64-linux-gnu/libpthread-2.21.so
7f75001b7000-7f75001b8000 r--p 00018000 08:04 922148                     /lib/x86_64-linux-gnu/libpthread-2.21.so
7f75001b8000-7f75001b9000 rw-p 00019000 08:04 922148                     /lib/x86_64-linux-gnu/libpthread-2.21.so
7f75001b9000-7f75001bd000 rw-p 00000000 00:00 0 
7f75001bd000-7f75001c0000 r-xp 00000000 08:04 922032                     /lib/x86_64-linux-gnu/libdl-2.21.so
7f75001c0000-7f75003bf000 ---p 00003000 08:04 922032                     /lib/x86_64-linux-gnu/libdl-2.21.so
7f75003bf000-7f75003c0000 r--p 00002000 08:04 922032                     /lib/x86_64-linux-gnu/libdl-2.21.so
7f75003c0000-7f75003c1000 rw-p 00003000 08:04 922032                     /lib/x86_64-linux-gnu/libdl-2.21.so
7f75003c1000-7f7500581000 r-xp 00000000 08:04 922015                     /lib/x86_64-linux-gnu/libc-2.21.so
7f7500581000-7f7500781000 ---p 001c0000 08:04 922015                     /lib/x86_64-linux-gnu/libc-2.21.so
7f7500781000-7f7500785000 r--p 001c0000 08:04 922015                     /lib/x86_64-linux-gnu/libc-2.21.so
7f7500785000-7f7500787000 rw-p 001c4000 08:04 922015                     /lib/x86_64-linux-gnu/libc-2.21.so
7f7500787000-7f750078b000 rw-p 00000000 00:00 0 
7f750078b000-7f7500798000 r-xp 00000000 08:04 2110091                    /usr/lib/jvm/java-7-openjdk-amd64/jre/lib/amd64/jli/libjli.so
7f7500798000-7f7500997000 ---p 0000d000 08:04 2110091                    /usr/lib/jvm/java-7-openjdk-amd64/jre/lib/amd64/jli/libjli.so
7f7500997000-7f7500998000 r--p 0000c000 08:04 2110091                    /usr/lib/jvm/java-7-openjdk-amd64/jre/lib/amd64/jli/libjli.so
7f7500998000-7f7500999000 rw-p 0000d000 08:04 2110091                    /usr/lib/jvm/java-7-openjdk-amd64/jre/lib/amd64/jli/libjli.so
7f7500999000-7f75009bd000 r-xp 00000000 08:04 921987                     /lib/x86_64-linux-gnu/ld-2.21.so
7f75009c4000-7f7500a9d000 rw-p 00000000 00:00 0 
7f7500a9d000-7f7500aa0000 ---p 00000000 00:00 0 
7f7500aa0000-7f7500ba3000 rw-p 00000000 00:00 0                          [stack:27828]
7f7500bae000-7f7500bb0000 rw-p 00000000 00:00 0 
7f7500bb0000-7f7500bb8000 rw-s 00000000 08:04 1190038                    /tmp/hsperfdata_root/27827
7f7500bb8000-7f7500bb9000 rw-p 00000000 00:00 0 
7f7500bb9000-7f7500bba000 r--p 00000000 00:00 0 
7f7500bba000-7f7500bbc000 rw-p 00000000 00:00 0 
7f7500bbc000-7f7500bbd000 r--p 00023000 08:04 921987                     /lib/x86_64-linux-gnu/ld-2.21.so
7f7500bbd000-7f7500bbe000 rw-p 00024000 08:04 921987                     /lib/x86_64-linux-gnu/ld-2.21.so
7f7500bbe000-7f7500bbf000 rw-p 00000000 00:00 0 
7fffca891000-7fffca8b2000 rw-p 00000000 00:00 0                          [stack]
7fffca917000-7fffca919000 r--p 00000000 00:00 0                          [vvar]
7fffca919000-7fffca91b000 r-xp 00000000 00:00 0                          [vdso]
ffffffffff600000-ffffffffff601000 r-xp 00000000 00:00 0                  [vsyscall]

VM Arguments:
jvm_args: -Xms1024m -Xmx1024m -XX:ReservedCodeCacheSize=128m -XX:MaxPermSize=256m 
java_command: /usr/share/sbt-launcher-packaging/bin/sbt-launch.jar version
Launcher Type: SUN_STANDARD

Environment Variables:
PATH=/usr/local/sbin:/usr/local/bin:/usr/sbin:/usr/bin:/sbin:/bin:/home/vijayakanth/.rvm/bin:/home/vijayakanth/Softwares/go/bin:/home/vijayakanth/.go/bin
USERNAME=root
SHELL=/bin/bash
DISPLAY=:0

Signal Handlers:
SIGSEGV: [libjvm.so+0x98ac50], sa_mask[0]=0x7ffbfeff, sa_flags=0x10000004
SIGBUS: [libjvm.so+0x98ac50], sa_mask[0]=0x7ffbfeff, sa_flags=0x10000004
SIGFPE: [libjvm.so+0x7f8ab0], sa_mask[0]=0x7ffbfeff, sa_flags=0x10000004
SIGPIPE: [libjvm.so+0x7f8ab0], sa_mask[0]=0x7ffbfeff, sa_flags=0x10000004
SIGXFSZ: [libjvm.so+0x7f8ab0], sa_mask[0]=0x7ffbfeff, sa_flags=0x10000004
SIGILL: [libjvm.so+0x7f8ab0], sa_mask[0]=0x7ffbfeff, sa_flags=0x10000004
SIGUSR1: SIG_DFL, sa_mask[0]=0x00000000, sa_flags=0x00000000
SIGUSR2: [libjvm.so+0x7f8930], sa_mask[0]=0x00000000, sa_flags=0x10000004
SIGHUP: SIG_DFL, sa_mask[0]=0x00000000, sa_flags=0x00000000
SIGINT: SIG_DFL, sa_mask[0]=0x00000000, sa_flags=0x00000000
SIGTERM: SIG_DFL, sa_mask[0]=0x00000000, sa_flags=0x00000000
SIGQUIT: SIG_DFL, sa_mask[0]=0x00000000, sa_flags=0x00000000
SIGTRAP: SIG_DFL, sa_mask[0]=0x00000000, sa_flags=0x00000000


---------------  S Y S T E M  ---------------

OS:Ubuntu 15.04 (vivid)
uname:Linux 3.19.0-15-generic #15-Ubuntu SMP Thu Apr 16 23:32:37 UTC 2015 x86_64
libc:glibc 2.21 NPTL 2.21 
rlimit: STACK 8192k, CORE 0k, NPROC 7376, NOFILE 65536, AS infinity
load average:0.31 0.38 0.38

/proc/meminfo:
MemTotal:        1910800 kB
MemFree:          415812 kB
MemAvailable:     470704 kB
Buffers:           18776 kB
Cached:           405736 kB
SwapCached:            0 kB
Active:          1122524 kB
Inactive:         261680 kB
Active(anon):     966628 kB
Inactive(anon):   204820 kB
Active(file):     155896 kB
Inactive(file):    56860 kB
Unevictable:          48 kB
Mlocked:              48 kB
SwapTotal:             0 kB
SwapFree:              0 kB
Dirty:               276 kB
Writeback:             0 kB
AnonPages:        959804 kB
Mapped:           143728 kB
Shmem:            211716 kB
Slab:              48088 kB
SReclaimable:      22124 kB
SUnreclaim:        25964 kB
KernelStack:        7040 kB
PageTables:        29444 kB
NFS_Unstable:          0 kB
Bounce:                0 kB
WritebackTmp:          0 kB
CommitLimit:      955400 kB
Committed_AS:    4614332 kB
VmallocTotal:   34359738367 kB
VmallocUsed:      343820 kB
VmallocChunk:   34359386076 kB
HardwareCorrupted:     0 kB
AnonHugePages:    235520 kB
CmaTotal:              0 kB
CmaFree:               0 kB
HugePages_Total:       0
HugePages_Free:        0
HugePages_Rsvd:        0
HugePages_Surp:        0
Hugepagesize:       2048 kB
DirectMap4k:       97024 kB
DirectMap2M:     1931264 kB


CPU:total 2 (2 cores per cpu, 1 threads per core) family 6 model 42 stepping 7, cmov, cx8, fxsr, mmx, sse, sse2, sse3, ssse3, sse4.1, sse4.2, popcnt, tsc, tscinvbit

/proc/cpuinfo:
processor	: 0
vendor_id	: GenuineIntel
cpu family	: 6
model		: 42
model name	: Intel(R) Pentium(R) CPU B950 @ 2.10GHz
stepping	: 7
microcode	: 0x29
cpu MHz		: 2032.652
cache size	: 2048 KB
physical id	: 0
siblings	: 2
core id		: 0
cpu cores	: 2
apicid		: 0
initial apicid	: 0
fpu		: yes
fpu_exception	: yes
cpuid level	: 13
wp		: yes
flags		: fpu vme de pse tsc msr pae mce cx8 apic sep mtrr pge mca cmov pat pse36 clflush dts acpi mmx fxsr sse sse2 ss ht tm pbe syscall nx rdtscp lm constant_tsc arch_perfmon pebs bts rep_good nopl xtopology nonstop_tsc aperfmperf eagerfpu pni pclmulqdq dtes64 monitor ds_cpl est tm2 ssse3 cx16 xtpr pdcm pcid sse4_1 sse4_2 x2apic popcnt tsc_deadline_timer xsave lahf_lm arat epb pln pts dtherm xsaveopt
bugs		:
bogomips	: 4190.35
clflush size	: 64
cache_alignment	: 64
address sizes	: 36 bits physical, 48 bits virtual
power management:

processor	: 1
vendor_id	: GenuineIntel
cpu family	: 6
model		: 42
model name	: Intel(R) Pentium(R) CPU B950 @ 2.10GHz
stepping	: 7
microcode	: 0x29
cpu MHz		: 2097.128
cache size	: 2048 KB
physical id	: 0
siblings	: 2
core id		: 1
cpu cores	: 2
apicid		: 2
initial apicid	: 2
fpu		: yes
fpu_exception	: yes
cpuid level	: 13
wp		: yes
flags		: fpu vme de pse tsc msr pae mce cx8 apic sep mtrr pge mca cmov pat pse36 clflush dts acpi mmx fxsr sse sse2 ss ht tm pbe syscall nx rdtscp lm constant_tsc arch_perfmon pebs bts rep_good nopl xtopology nonstop_tsc aperfmperf eagerfpu pni pclmulqdq dtes64 monitor ds_cpl est tm2 ssse3 cx16 xtpr pdcm pcid sse4_1 sse4_2 x2apic popcnt tsc_deadline_timer xsave lahf_lm arat epb pln pts dtherm xsaveopt
bugs		:
bogomips	: 4190.35
clflush size	: 64
cache_alignment	: 64
address sizes	: 36 bits physical, 48 bits virtual
power management:



Memory: 4k page, physical 1910800k(415812k free), swap 0k(0k free)

vm_info: OpenJDK 64-Bit Server VM (24.79-b02) for linux-amd64 JRE (1.7.0_79-b14), built on Jul 24 2015 05:24:39 by "buildd" with gcc 4.9.2

time: Wed Sep  2 11:55:55 2015
elapsed time: 0 seconds

